\BOOKMARK [0][-]{chapter.1}{\376\377\004\030\004\101\004\077\004\076\004\073\004\114\004\067\004\103\004\065\004\074\004\113\004\065\000\040\004\102\004\065\004\100\004\074\004\070\004\075\004\113}{}% 1
\BOOKMARK [0][-]{chapter.2}{\376\377\004\020\004\100\004\105\004\070\004\102\004\065\004\072\004\102\004\103\004\100\004\060\000\040\004\077\004\073\004\060\004\102\004\104\004\076\004\100\004\074\004\113}{}% 2
\BOOKMARK [1][-]{section.2.1}{\376\377\004\036\004\061\004\111\004\065\004\065\000\040\004\076\004\077\004\070\004\101\004\060\004\075\004\070\004\065}{chapter.2}% 3
\BOOKMARK [1][-]{section.2.2}{\376\377\004\041\004\102\004\060\004\102\004\070\004\107\004\065\004\101\004\072\004\060\004\117\000\040\004\074\004\076\004\064\004\065\004\073\004\114}{chapter.2}% 4
\BOOKMARK [1][-]{section.2.3}{\376\377\004\041\004\065\004\100\004\062\004\070\004\101\004\113}{chapter.2}% 5
\BOOKMARK [2][-]{subsection.2.3.1}{\376\377\000<\004\101\004\103\004\111\004\075\004\076\004\101\004\102\004\114\000>\000\137\000a\000p\000i\000\137\000c\000r\000u\000d}{section.2.3}% 6
\BOOKMARK [2][-]{subsection.2.3.2}{\376\377\000<\004\101\004\103\004\111\004\075\004\076\004\101\004\102\004\114\000>\000\137\000m\000o\000d\000e\000l\000\137\000c\000r\000u\000d}{section.2.3}% 7
\BOOKMARK [2][-]{subsection.2.3.3}{\376\377\000<\004\101\004\103\004\111\004\075\004\076\004\101\004\102\004\114\000>\000\137\000a\000p\000p}{section.2.3}% 8
\BOOKMARK [2][-]{subsection.2.3.4}{\376\377\000<\004\101\004\103\004\111\004\075\004\076\004\101\004\102\004\114\000>\000\137\000a\000p\000p\000\137\000a\000p\000i}{section.2.3}% 9
\BOOKMARK [2][-]{subsection.2.3.5}{\376\377\004\021\004\060\004\067\004\076\004\062\004\113\004\065\000\040\004\101\004\103\004\111\004\075\004\076\004\101\004\102\004\070\000,\000\040\004\062\004\105\004\076\004\064\004\117\004\111\004\070\004\065\000\040\004\062\000\040\004\117\004\064\004\100\004\076\000\040\004\034\004\037\004\032\000\040\004\037\004\065\004\100\004\065\004\101\004\062\004\065\004\102}{section.2.3}% 10
\BOOKMARK [3][-]{subsubsection.2.3.5.1}{\376\377\004\036\004\061\004\112\004\065\004\072\004\102\004\113}{subsection.2.3.5}% 11
\BOOKMARK [3][-]{subsubsection.2.3.5.2}{\376\377\004\042\004\065\004\063\004\070}{subsection.2.3.5}% 12
\BOOKMARK [3][-]{subsubsection.2.3.5.3}{\376\377\004\042\004\100\004\065\004\062\004\076\004\063\004\070}{subsection.2.3.5}% 13
\BOOKMARK [3][-]{subsubsection.2.3.5.4}{\376\377\004\034\004\065\004\102\004\076\004\064\004\113}{subsection.2.3.5}% 14
\BOOKMARK [3][-]{subsubsection.2.3.5.5}{\376\377\004\045\004\100\004\060\004\075\004\070\004\073\004\070\004\111\004\060\000\040\004\064\004\060\004\075\004\075\004\113\004\105}{subsection.2.3.5}% 15
\BOOKMARK [3][-]{subsubsection.2.3.5.6}{\376\377\004\032\004\076\004\075\004\075\004\065\004\072\004\102\004\076\004\100\004\113}{subsection.2.3.5}% 16
\BOOKMARK [3][-]{subsubsection.2.3.5.7}{\376\377\004\032\004\076\004\075\004\101\004\102\004\060\004\075\004\102\004\113}{subsection.2.3.5}% 17
\BOOKMARK [3][-]{subsubsection.2.3.5.8}{\376\377\004\040\004\060\004\101\004\077\004\070\004\101\004\060\004\075\004\070\004\117}{subsection.2.3.5}% 18
\BOOKMARK [2][-]{subsection.2.3.6}{\376\377\000\253\004\032\004\076\004\074\004\077\004\073\004\065\004\072\004\102\004\113\000\273\000\040\004\101\004\065\004\100\004\062\004\070\004\101\004\076\004\062}{section.2.3}% 19
\BOOKMARK [2][-]{subsection.2.3.7}{\376\377\004\024\004\100\004\103\004\063\004\070\004\065\000\040\004\101\004\065\004\100\004\062\004\070\004\101\004\113}{section.2.3}% 20
\BOOKMARK [1][-]{section.2.4}{\376\377\004\045\004\100\004\060\004\075\004\070\004\073\004\070\004\111\004\060\000\040\004\064\004\060\004\075\004\075\004\113\004\105}{chapter.2}% 21
\BOOKMARK [1][-]{section.2.5}{\376\377\004\021\004\100\004\076\004\072\004\065\004\100\000\040\004\076\004\107\004\065\004\100\004\065\004\064\004\065\004\071\000\040\004\101\004\076\004\076\004\061\004\111\004\065\004\075\004\070\004\071}{chapter.2}% 22
\BOOKMARK [2][-]{subsection.2.5.1}{\376\377\004\036\004\061\004\074\004\065\004\075\004\075\004\070\004\072\004\070\000\040\004\101\004\065\004\100\004\062\004\070\004\101\004\076\004\062}{section.2.5}% 23
\BOOKMARK [3][-]{subsubsection.2.5.1.1}{\376\377\000t\000a\000g\000s\000\137\000a\000p\000i\000\137\000c\000r\000u\000d}{subsection.2.5.1}% 24
\BOOKMARK [3][-]{subsubsection.2.5.1.2}{\376\377\000t\000a\000g\000s\000\137\000m\000o\000d\000e\000l\000\137\000c\000r\000u\000d}{subsection.2.5.1}% 25
\BOOKMARK [2][-]{subsection.2.5.2}{\376\377\004\033\004\076\004\063\004\070\004\072\004\060\000\040\004\101\004\076\004\076\004\061\004\111\004\065\004\075\004\070\004\071\000\040\004\077\004\100\004\070\000\040\004\101\004\076\004\067\004\064\004\060\004\075\004\070\004\070\000,\000\040\004\076\004\061\004\075\004\076\004\062\004\073\004\065\004\075\004\070\004\070\000\040\004\070\000\040\004\103\004\064\004\060\004\073\004\065\004\075\004\070\004\070\000\040\004\103\004\067\004\073\004\076\004\062}{section.2.5}% 26
\BOOKMARK [0][-]{chapter.3}{\376\377\004\040\004\103\004\072\004\076\004\062\004\076\004\064\004\101\004\102\004\062\004\076\000\040\004\100\004\060\004\067\004\100\004\060\004\061\004\076\004\102\004\107\004\070\004\072\004\060}{}% 27
\BOOKMARK [1][-]{section.3.1}{\376\377\000A\000P\000I}{chapter.3}% 28
\BOOKMARK [2][-]{subsection.3.1.1}{\376\377\004\036\004\061\004\111\004\070\004\065\000\040\004\072\004\073\004\060\004\101\004\101\004\113}{section.3.1}% 29
\BOOKMARK [3][-]{subsubsection.3.1.1.1}{\376\377\004\034\004\076\004\064\004\103\004\073\004\114\000\040\000h\000i\000e\000r\000a\000r\000c\000h\000y}{subsection.3.1.1}% 30
\BOOKMARK [3][-]{subsubsection.3.1.1.2}{\376\377\004\034\004\076\004\064\004\103\004\073\004\114\000\040\000l\000o\000g\000g\000e\000r}{subsection.3.1.1}% 31
\BOOKMARK [3][-]{subsubsection.3.1.1.3}{\376\377\004\034\004\076\004\064\004\103\004\073\004\114\000\040\000b\000a\000s\000e\000\137\000s\000v\000c}{subsection.3.1.1}% 32
\BOOKMARK [3][-]{subsubsection.3.1.1.4}{\376\377\004\034\004\076\004\064\004\103\004\073\004\114\000\040\000b\000a\000s\000e\000\137\000s\000v\000c\000\137\000s\000e\000t\000t\000i\000n\000g\000s}{subsection.3.1.1}% 33
\BOOKMARK [3][-]{subsubsection.3.1.1.5}{\376\377\004\034\004\076\004\064\004\103\004\073\004\114\000\040\000s\000v\000c}{subsection.3.1.1}% 34
\BOOKMARK [3][-]{subsubsection.3.1.1.6}{\376\377\004\034\004\076\004\064\004\103\004\073\004\114\000\040\000s\000v\000c\000\137\000s\000e\000t\000t\000i\000n\000g\000s}{subsection.3.1.1}% 35
\BOOKMARK [3][-]{subsubsection.3.1.1.7}{\376\377\004\034\004\076\004\064\004\103\004\073\004\114\000\040\000a\000p\000i\000\137\000c\000r\000u\000d\000\137\000s\000v\000c}{subsection.3.1.1}% 36
\BOOKMARK [3][-]{subsubsection.3.1.1.8}{\376\377\004\034\004\076\004\064\004\103\004\073\004\114\000\040\000m\000o\000d\000e\000l\000\137\000c\000r\000u\000d\000\137\000s\000v\000c}{subsection.3.1.1}% 37
\BOOKMARK [3][-]{subsubsection.3.1.1.9}{\376\377\004\034\004\076\004\064\004\103\004\073\004\114\000\040\000m\000o\000d\000e\000l\000\137\000c\000r\000u\000d\000\137\000s\000e\000t\000t\000i\000n\000g\000s}{subsection.3.1.1}% 38
\BOOKMARK [2][-]{subsection.3.1.2}{\376\377\004\034\004\070\004\072\004\100\004\076\004\101\004\065\004\100\004\062\004\070\004\101\004\113}{section.3.1}% 39
\BOOKMARK [0][-]{chapter.4}{\376\377\000I\000n\000d\000i\000c\000e\000s\000\040\000a\000n\000d\000\040\000t\000a\000b\000l\000e\000s}{}% 40
